{"/Users/nnamdinwabuokei/Documents/decagon-central/src/app.ts": {"path":"/Users/nnamdinwabuokei/Documents/decagon-central/src/app.ts","statementMap":{"0":{"start":{"line":1,"column":0},"end":{"line":1,"column":38}},"1":{"start":{"line":2,"column":0},"end":{"line":2,"column":30}},"2":{"start":{"line":3,"column":0},"end":{"line":3,"column":24}},"3":{"start":{"line":4,"column":0},"end":{"line":4,"column":38}},"4":{"start":{"line":5,"column":0},"end":{"line":5,"column":28}},"5":{"start":{"line":6,"column":0},"end":{"line":6,"column":42}},"6":{"start":{"line":7,"column":0},"end":{"line":7,"column":24}},"7":{"start":{"line":8,"column":0},"end":{"line":8,"column":39}},"8":{"start":{"line":9,"column":0},"end":{"line":9,"column":30}},"9":{"start":{"line":10,"column":0},"end":{"line":10,"column":38}},"10":{"start":{"line":11,"column":0},"end":{"line":11,"column":32}},"11":{"start":{"line":15,"column":12},"end":{"line":15,"column":21}},"12":{"start":{"line":18,"column":18},"end":{"line":18,"column":76}},"13":{"start":{"line":19,"column":0},"end":{"line":19,"column":57}},"14":{"start":{"line":20,"column":0},"end":{"line":31,"column":2}},"15":{"start":{"line":23,"column":6},"end":{"line":25,"column":null}},"16":{"start":{"line":24,"column":8},"end":{"line":24,"column":20}},"17":{"start":{"line":27,"column":6},"end":{"line":27,"column":34}},"18":{"start":{"line":33,"column":0},"end":{"line":44,"column":2}},"19":{"start":{"line":36,"column":6},"end":{"line":38,"column":null}},"20":{"start":{"line":37,"column":8},"end":{"line":37,"column":20}},"21":{"start":{"line":40,"column":6},"end":{"line":40,"column":35}},"22":{"start":{"line":46,"column":0},"end":{"line":46,"column":28}},"23":{"start":{"line":47,"column":0},"end":{"line":47,"column":23}},"24":{"start":{"line":48,"column":0},"end":{"line":48,"column":16}},"25":{"start":{"line":49,"column":0},"end":{"line":49,"column":24}},"26":{"start":{"line":50,"column":0},"end":{"line":50,"column":49}},"27":{"start":{"line":53,"column":0},"end":{"line":60,"column":2}},"28":{"start":{"line":63,"column":0},"end":{"line":63,"column":27}},"29":{"start":{"line":65,"column":0},"end":{"line":71,"column":2}},"30":{"start":{"line":73,"column":0},"end":{"line":78,"column":null}},"31":{"start":{"line":74,"column":2},"end":{"line":74,"column":71}},"32":{"start":{"line":75,"column":2},"end":{"line":77,"column":5}},"33":{"start":{"line":76,"column":4},"end":{"line":76,"column":73}},"34":{"start":{"line":81,"column":0},"end":{"line":87,"column":3}},"35":{"start":{"line":86,"column":2},"end":{"line":86,"column":25}},"36":{"start":{"line":90,"column":0},"end":{"line":90,"column":31}},"37":{"start":{"line":91,"column":0},"end":{"line":91,"column":28}},"38":{"start":{"line":94,"column":0},"end":{"line":102,"column":3}},"39":{"start":{"line":96,"column":2},"end":{"line":96,"column":35}},"40":{"start":{"line":97,"column":2},"end":{"line":97,"column":69}},"41":{"start":{"line":100,"column":2},"end":{"line":100,"column":32}},"42":{"start":{"line":101,"column":2},"end":{"line":101,"column":22}},"43":{"start":{"line":104,"column":0},"end":{"line":104,"column":19}}},"fnMap":{"0":{"name":"(anonymous_1)","decl":{"start":{"line":22,"column":10},"end":{"line":22,"column":19}},"loc":{"start":{"line":22,"column":28},"end":{"line":28,"column":5}}},"1":{"name":"(anonymous_2)","decl":{"start":{"line":35,"column":10},"end":{"line":35,"column":19}},"loc":{"start":{"line":35,"column":28},"end":{"line":41,"column":5}}},"2":{"name":"(anonymous_3)","decl":{"start":{"line":75,"column":16},"end":{"line":75,"column":17}},"loc":{"start":{"line":75,"column":30},"end":{"line":77,"column":3}}},"3":{"name":"(anonymous_4)","decl":{"start":{"line":81,"column":8},"end":{"line":81,"column":null}},"loc":{"start":{"line":84,"column":28},"end":{"line":87,"column":1}}},"4":{"name":"(anonymous_5)","decl":{"start":{"line":94,"column":8},"end":{"line":94,"column":17}},"loc":{"start":{"line":94,"column":70},"end":{"line":102,"column":1}}}},"branchMap":{"0":{"loc":{"start":{"line":18,"column":58},"end":{"line":18,"column":68}},"type":"cond-expr","locations":[{"start":{"line":18,"column":58},"end":{"line":18,"column":68}},{"start":{"line":18,"column":71},"end":{"line":18,"column":76}}]},"1":{"loc":{"start":{"line":23,"column":6},"end":{"line":25,"column":null}},"type":"if","locations":[{"start":{"line":23,"column":6},"end":{"line":25,"column":null}},{"start":{"line":23,"column":6},"end":{"line":25,"column":null}}]},"2":{"loc":{"start":{"line":36,"column":6},"end":{"line":38,"column":null}},"type":"if","locations":[{"start":{"line":36,"column":6},"end":{"line":38,"column":null}},{"start":{"line":36,"column":6},"end":{"line":38,"column":null}}]},"3":{"loc":{"start":{"line":73,"column":0},"end":{"line":78,"column":null}},"type":"if","locations":[{"start":{"line":73,"column":0},"end":{"line":78,"column":null}},{"start":{"line":73,"column":0},"end":{"line":78,"column":null}}]},"4":{"loc":{"start":{"line":97,"column":60},"end":{"line":97,"column":63}},"type":"cond-expr","locations":[{"start":{"line":97,"column":60},"end":{"line":97,"column":63}},{"start":{"line":97,"column":66},"end":{"line":97,"column":68}}]},"5":{"loc":{"start":{"line":100,"column":13},"end":{"line":100,"column":23}},"type":"binary-expr","locations":[{"start":{"line":100,"column":13},"end":{"line":100,"column":23}},{"start":{"line":100,"column":27},"end":{"line":100,"column":30}}]}},"s":{"0":2,"1":2,"2":2,"3":2,"4":2,"5":2,"6":2,"7":2,"8":2,"9":2,"10":2,"11":2,"12":2,"13":2,"14":2,"15":9,"16":9,"17":0,"18":2,"19":9,"20":9,"21":0,"22":2,"23":2,"24":2,"25":2,"26":2,"27":2,"28":2,"29":2,"30":2,"31":0,"32":0,"33":0,"34":2,"35":1,"36":2,"37":2,"38":2,"39":0,"40":0,"41":0,"42":0,"43":2},"f":{"0":9,"1":9,"2":0,"3":1,"4":0},"b":{"0":[0,2],"1":[9,0],"2":[9,0],"3":[0,2],"4":[0,0],"5":[0,0]}}
,"/Users/nnamdinwabuokei/Documents/decagon-central/src/schema.ts": {"path":"/Users/nnamdinwabuokei/Documents/decagon-central/src/schema.ts","statementMap":{"0":{"start":{"line":1,"column":0},"end":{"line":1,"column":59}},"1":{"start":{"line":3,"column":0},"end":{"line":3,"column":52}},"2":{"start":{"line":4,"column":0},"end":{"line":4,"column":40}},"3":{"start":{"line":6,"column":14},"end":{"line":16,"column":2}},"4":{"start":{"line":9,"column":17},"end":{"line":15,"column":4}},"5":{"start":{"line":13,"column":21},"end":{"line":13,"column":39}},"6":{"start":{"line":18,"column":15},"end":{"line":20,"column":2}},"7":{"start":{"line":22,"column":0},"end":{"line":22,"column":22}}},"fnMap":{"0":{"name":"(anonymous_1)","decl":{"start":{"line":9,"column":10},"end":{"line":9,"column":13}},"loc":{"start":{"line":9,"column":17},"end":{"line":15,"column":4}}},"1":{"name":"(anonymous_2)","decl":{"start":{"line":13,"column":15},"end":{"line":13,"column":18}},"loc":{"start":{"line":13,"column":21},"end":{"line":13,"column":39}}}},"branchMap":{},"s":{"0":2,"1":2,"2":2,"3":2,"4":2,"5":0,"6":2,"7":2},"f":{"0":2,"1":0},"b":{}}
,"/Users/nnamdinwabuokei/Documents/decagon-central/src/controllers/getUsers.ts": {"path":"/Users/nnamdinwabuokei/Documents/decagon-central/src/controllers/getUsers.ts","statementMap":{"0":{"start":{"line":2,"column":0},"end":{"line":2,"column":61}},"1":{"start":{"line":5,"column":2},"end":{"line":10,"column":null}},"2":{"start":{"line":6,"column":18},"end":{"line":6,"column":56}},"3":{"start":{"line":7,"column":4},"end":{"line":7,"column":72}},"4":{"start":{"line":9,"column":4},"end":{"line":9,"column":70}},"5":{"start":{"line":4,"column":0},"end":{"line":4,"column":7}},"6":{"start":{"line":14,"column":2},"end":{"line":25,"column":null}},"7":{"start":{"line":16,"column":17},"end":{"line":16,"column":66}},"8":{"start":{"line":17,"column":4},"end":{"line":21,"column":null}},"9":{"start":{"line":18,"column":6},"end":{"line":20,"column":80}},"10":{"start":{"line":22,"column":4},"end":{"line":22,"column":71}},"11":{"start":{"line":24,"column":4},"end":{"line":24,"column":70}},"12":{"start":{"line":13,"column":0},"end":{"line":13,"column":7}},"13":{"start":{"line":29,"column":2},"end":{"line":55,"column":null}},"14":{"start":{"line":30,"column":24},"end":{"line":30,"column":73}},"15":{"start":{"line":31,"column":4},"end":{"line":36,"column":null}},"16":{"start":{"line":32,"column":6},"end":{"line":35,"column":9}},"17":{"start":{"line":38,"column":22},"end":{"line":38,"column":48}},"18":{"start":{"line":39,"column":4},"end":{"line":39,"column":69}},"19":{"start":{"line":39,"column":15},"end":{"line":39,"column":69}},"20":{"start":{"line":40,"column":17},"end":{"line":49,"column":null}},"21":{"start":{"line":52,"column":4},"end":{"line":52,"column":51}},"22":{"start":{"line":54,"column":4},"end":{"line":54,"column":70}},"23":{"start":{"line":28,"column":0},"end":{"line":28,"column":7}},"24":{"start":{"line":59,"column":2},"end":{"line":67,"column":null}},"25":{"start":{"line":60,"column":18},"end":{"line":60,"column":69}},"26":{"start":{"line":61,"column":4},"end":{"line":63,"column":null}},"27":{"start":{"line":62,"column":6},"end":{"line":62,"column":78}},"28":{"start":{"line":64,"column":4},"end":{"line":64,"column":72}},"29":{"start":{"line":66,"column":4},"end":{"line":66,"column":70}},"30":{"start":{"line":58,"column":0},"end":{"line":58,"column":7}}},"fnMap":{"0":{"name":"getAllUsers","decl":{"start":{"line":4,"column":22},"end":{"line":4,"column":33}},"loc":{"start":{"line":4,"column":62},"end":{"line":11,"column":1}}},"1":{"name":"getOneUser","decl":{"start":{"line":13,"column":22},"end":{"line":13,"column":32}},"loc":{"start":{"line":13,"column":61},"end":{"line":26,"column":1}}},"2":{"name":"updateUser","decl":{"start":{"line":28,"column":22},"end":{"line":28,"column":32}},"loc":{"start":{"line":28,"column":61},"end":{"line":56,"column":1}}},"3":{"name":"getUserByDesignation","decl":{"start":{"line":58,"column":22},"end":{"line":58,"column":42}},"loc":{"start":{"line":58,"column":71},"end":{"line":68,"column":1}}}},"branchMap":{"0":{"loc":{"start":{"line":17,"column":4},"end":{"line":21,"column":null}},"type":"if","locations":[{"start":{"line":17,"column":4},"end":{"line":21,"column":null}},{"start":{"line":17,"column":4},"end":{"line":21,"column":null}}]},"1":{"loc":{"start":{"line":31,"column":4},"end":{"line":36,"column":null}},"type":"if","locations":[{"start":{"line":31,"column":4},"end":{"line":36,"column":null}},{"start":{"line":31,"column":4},"end":{"line":36,"column":null}}]},"2":{"loc":{"start":{"line":39,"column":4},"end":{"line":39,"column":69}},"type":"if","locations":[{"start":{"line":39,"column":4},"end":{"line":39,"column":69}},{"start":{"line":39,"column":4},"end":{"line":39,"column":69}}]},"3":{"loc":{"start":{"line":61,"column":4},"end":{"line":63,"column":null}},"type":"if","locations":[{"start":{"line":61,"column":4},"end":{"line":63,"column":null}},{"start":{"line":61,"column":4},"end":{"line":63,"column":null}}]}},"s":{"0":2,"1":1,"2":1,"3":1,"4":0,"5":2,"6":2,"7":2,"8":2,"9":1,"10":1,"11":0,"12":2,"13":3,"14":3,"15":3,"16":1,"17":2,"18":2,"19":1,"20":1,"21":1,"22":0,"23":2,"24":0,"25":0,"26":0,"27":0,"28":0,"29":0,"30":2},"f":{"0":1,"1":2,"2":3,"3":0},"b":{"0":[1,1],"1":[1,2],"2":[1,1],"3":[0,0]}}
,"/Users/nnamdinwabuokei/Documents/decagon-central/src/controllers/sample.ts": {"path":"/Users/nnamdinwabuokei/Documents/decagon-central/src/controllers/sample.ts","statementMap":{"0":{"start":{"line":2,"column":2},"end":{"line":2,"column":34}},"1":{"start":{"line":5,"column":0},"end":{"line":5,"column":32}}},"fnMap":{"0":{"name":"sampleController","decl":{"start":{"line":1,"column":9},"end":{"line":1,"column":25}},"loc":{"start":{"line":1,"column":25},"end":{"line":3,"column":1}}}},"branchMap":{},"s":{"0":1,"1":2},"f":{"0":1},"b":{}}
,"/Users/nnamdinwabuokei/Documents/decagon-central/src/controllers/services.ts": {"path":"/Users/nnamdinwabuokei/Documents/decagon-central/src/controllers/services.ts","statementMap":{"0":{"start":{"line":1,"column":0},"end":{"line":1,"column":60}},"1":{"start":{"line":8,"column":21},"end":{"line":11,"column":4}},"2":{"start":{"line":13,"column":2},"end":{"line":31,"column":null}},"3":{"start":{"line":14,"column":25},"end":{"line":14,"column":68}},"4":{"start":{"line":15,"column":4},"end":{"line":20,"column":null}},"5":{"start":{"line":16,"column":6},"end":{"line":19,"column":8}},"6":{"start":{"line":21,"column":4},"end":{"line":21,"column":42}},"7":{"start":{"line":22,"column":4},"end":{"line":22,"column":29}},"8":{"start":{"line":24,"column":20},"end":{"line":24,"column":43}},"9":{"start":{"line":25,"column":4},"end":{"line":28,"column":6}},"10":{"start":{"line":30,"column":4},"end":{"line":30,"column":27}},"11":{"start":{"line":3,"column":0},"end":{"line":3,"column":7}},"12":{"start":{"line":39,"column":21},"end":{"line":39,"column":34}},"13":{"start":{"line":40,"column":18},"end":{"line":40,"column":62}},"14":{"start":{"line":41,"column":2},"end":{"line":46,"column":null}},"15":{"start":{"line":42,"column":4},"end":{"line":45,"column":6}},"16":{"start":{"line":47,"column":29},"end":{"line":47,"column":36}},"17":{"start":{"line":48,"column":2},"end":{"line":48,"column":47}},"18":{"start":{"line":49,"column":26},"end":{"line":52,"column":null}},"19":{"start":{"line":55,"column":2},"end":{"line":55,"column":44}},"20":{"start":{"line":56,"column":2},"end":{"line":61,"column":null}},"21":{"start":{"line":57,"column":4},"end":{"line":60,"column":6}},"22":{"start":{"line":62,"column":2},"end":{"line":65,"column":4}},"23":{"start":{"line":34,"column":0},"end":{"line":34,"column":7}}},"fnMap":{"0":{"name":"signUp","decl":{"start":{"line":3,"column":22},"end":{"line":3,"column":28}},"loc":{"start":{"line":4,"column":21},"end":{"line":32,"column":1}}},"1":{"name":"login","decl":{"start":{"line":34,"column":22},"end":{"line":34,"column":27}},"loc":{"start":{"line":35,"column":21},"end":{"line":66,"column":1}}}},"branchMap":{"0":{"loc":{"start":{"line":15,"column":4},"end":{"line":20,"column":null}},"type":"if","locations":[{"start":{"line":15,"column":4},"end":{"line":20,"column":null}},{"start":{"line":15,"column":4},"end":{"line":20,"column":null}}]},"1":{"loc":{"start":{"line":41,"column":2},"end":{"line":46,"column":null}},"type":"if","locations":[{"start":{"line":41,"column":2},"end":{"line":46,"column":null}},{"start":{"line":41,"column":2},"end":{"line":46,"column":null}}]},"2":{"loc":{"start":{"line":56,"column":2},"end":{"line":61,"column":null}},"type":"if","locations":[{"start":{"line":56,"column":2},"end":{"line":61,"column":null}},{"start":{"line":56,"column":2},"end":{"line":61,"column":null}}]}},"s":{"0":2,"1":0,"2":0,"3":0,"4":0,"5":0,"6":0,"7":0,"8":0,"9":0,"10":0,"11":2,"12":0,"13":0,"14":0,"15":0,"16":0,"17":0,"18":0,"19":0,"20":0,"21":0,"22":0,"23":2},"f":{"0":0,"1":0},"b":{"0":[0,0],"1":[0,0],"2":[0,0]}}
,"/Users/nnamdinwabuokei/Documents/decagon-central/src/controllers/uploadfile.ts": {"path":"/Users/nnamdinwabuokei/Documents/decagon-central/src/controllers/uploadfile.ts","statementMap":{"0":{"start":{"line":1,"column":0},"end":{"line":1,"column":20}},"1":{"start":{"line":2,"column":0},"end":{"line":2,"column":32}},"2":{"start":{"line":4,"column":0},"end":{"line":4,"column":74}},"3":{"start":{"line":7,"column":2},"end":{"line":49,"column":null}},"4":{"start":{"line":8,"column":41},"end":{"line":8,"column":43}},"5":{"start":{"line":10,"column":4},"end":{"line":46,"column":9}},"6":{"start":{"line":25,"column":33},"end":{"line":25,"column":54}},"7":{"start":{"line":27,"column":8},"end":{"line":29,"column":null}},"8":{"start":{"line":28,"column":10},"end":{"line":28,"column":64}},"9":{"start":{"line":31,"column":26},"end":{"line":31,"column":65}},"10":{"start":{"line":32,"column":8},"end":{"line":34,"column":null}},"11":{"start":{"line":33,"column":10},"end":{"line":33,"column":17}},"12":{"start":{"line":35,"column":8},"end":{"line":35,"column":36}},"13":{"start":{"line":38,"column":8},"end":{"line":38,"column":37}},"14":{"start":{"line":39,"column":8},"end":{"line":43,"column":11}},"15":{"start":{"line":40,"column":10},"end":{"line":42,"column":null}},"16":{"start":{"line":41,"column":12},"end":{"line":41,"column":22}},"17":{"start":{"line":45,"column":8},"end":{"line":45,"column":50}},"18":{"start":{"line":48,"column":4},"end":{"line":48,"column":70}},"19":{"start":{"line":50,"column":2},"end":{"line":50,"column":9}},"20":{"start":{"line":53,"column":0},"end":{"line":53,"column":26}}},"fnMap":{"0":{"name":"uploadFile","decl":{"start":{"line":6,"column":15},"end":{"line":6,"column":25}},"loc":{"start":{"line":6,"column":69},"end":{"line":51,"column":1}}},"1":{"name":"(anonymous_3)","decl":{"start":{"line":24,"column":18},"end":{"line":24,"column":27}},"loc":{"start":{"line":24,"column":31},"end":{"line":36,"column":7}}},"2":{"name":"(anonymous_4)","decl":{"start":{"line":37,"column":17},"end":{"line":37,"column":null}},"loc":{"start":{"line":37,"column":17},"end":{"line":46,"column":7}}},"3":{"name":"(anonymous_5)","decl":{"start":{"line":39,"column":33},"end":{"line":39,"column":42}},"loc":{"start":{"line":39,"column":53},"end":{"line":43,"column":9}}}},"branchMap":{"0":{"loc":{"start":{"line":27,"column":8},"end":{"line":29,"column":null}},"type":"if","locations":[{"start":{"line":27,"column":8},"end":{"line":29,"column":null}},{"start":{"line":27,"column":8},"end":{"line":29,"column":null}}]},"1":{"loc":{"start":{"line":32,"column":8},"end":{"line":34,"column":null}},"type":"if","locations":[{"start":{"line":32,"column":8},"end":{"line":34,"column":null}},{"start":{"line":32,"column":8},"end":{"line":34,"column":null}}]},"2":{"loc":{"start":{"line":40,"column":10},"end":{"line":42,"column":null}},"type":"if","locations":[{"start":{"line":40,"column":10},"end":{"line":42,"column":null}},{"start":{"line":40,"column":10},"end":{"line":42,"column":null}}]}},"s":{"0":2,"1":2,"2":2,"3":1,"4":1,"5":1,"6":1,"7":1,"8":0,"9":1,"10":1,"11":0,"12":1,"13":1,"14":1,"15":0,"16":0,"17":1,"18":0,"19":1,"20":2},"f":{"0":1,"1":1,"2":1,"3":0},"b":{"0":[0,1],"1":[0,1],"2":[0,0]}}
,"/Users/nnamdinwabuokei/Documents/decagon-central/src/models/decagon.ts": {"path":"/Users/nnamdinwabuokei/Documents/decagon-central/src/models/decagon.ts","statementMap":{"0":{"start":{"line":1,"column":0},"end":{"line":1,"column":32}},"1":{"start":{"line":2,"column":0},"end":{"line":2,"column":28}},"2":{"start":{"line":3,"column":0},"end":{"line":3,"column":28}},"3":{"start":{"line":18,"column":22},"end":{"line":56,"column":null}},"4":{"start":{"line":60,"column":17},"end":{"line":90,"column":4}},"5":{"start":{"line":92,"column":2},"end":{"line":96,"column":5}},"6":{"start":{"line":59,"column":0},"end":{"line":59,"column":16}},"7":{"start":{"line":98,"column":0},"end":{"line":103,"column":3}},"8":{"start":{"line":99,"column":2},"end":{"line":102,"column":null}},"9":{"start":{"line":100,"column":4},"end":{"line":100,"column":74}},"10":{"start":{"line":101,"column":4},"end":{"line":101,"column":26}},"11":{"start":{"line":104,"column":0},"end":{"line":104,"column":71}}},"fnMap":{"0":{"name":"validateDecagon","decl":{"start":{"line":59,"column":16},"end":{"line":59,"column":31}},"loc":{"start":{"line":59,"column":52},"end":{"line":97,"column":1}}},"1":{"name":"(anonymous_2)","decl":{"start":{"line":98,"column":41},"end":{"line":98,"column":null}},"loc":{"start":{"line":98,"column":41},"end":{"line":103,"column":1}}}},"branchMap":{"0":{"loc":{"start":{"line":99,"column":2},"end":{"line":102,"column":null}},"type":"if","locations":[{"start":{"line":99,"column":2},"end":{"line":102,"column":null}},{"start":{"line":99,"column":2},"end":{"line":102,"column":null}}]}},"s":{"0":2,"1":2,"2":2,"3":2,"4":3,"5":3,"6":2,"7":2,"8":1,"9":1,"10":1,"11":2},"f":{"0":3,"1":1},"b":{"0":[1,0]}}
,"/Users/nnamdinwabuokei/Documents/decagon-central/src/models/services.ts": {"path":"/Users/nnamdinwabuokei/Documents/decagon-central/src/models/services.ts","statementMap":{"0":{"start":{"line":1,"column":0},"end":{"line":1,"column":32}},"1":{"start":{"line":2,"column":0},"end":{"line":2,"column":28}},"2":{"start":{"line":4,"column":0},"end":{"line":4,"column":28}},"3":{"start":{"line":5,"column":0},"end":{"line":5,"column":31}},"4":{"start":{"line":10,"column":16},"end":{"line":35,"column":null}},"5":{"start":{"line":38,"column":0},"end":{"line":43,"column":2}},"6":{"start":{"line":39,"column":2},"end":{"line":39,"column":53}},"7":{"start":{"line":40,"column":2},"end":{"line":42,"column":22}},"8":{"start":{"line":45,"column":0},"end":{"line":54,"column":2}},"9":{"start":{"line":50,"column":15},"end":{"line":52,"column":20}},"10":{"start":{"line":53,"column":2},"end":{"line":53,"column":33}},"11":{"start":{"line":56,"column":0},"end":{"line":69,"column":2}},"12":{"start":{"line":57,"column":16},"end":{"line":57,"column":26}},"13":{"start":{"line":58,"column":25},"end":{"line":58,"column":40}},"14":{"start":{"line":59,"column":2},"end":{"line":59,"column":47}},"15":{"start":{"line":61,"column":2},"end":{"line":68,"column":5}},"16":{"start":{"line":71,"column":0},"end":{"line":79,"column":2}},"17":{"start":{"line":72,"column":2},"end":{"line":78,"column":4}},"18":{"start":{"line":81,"column":0},"end":{"line":85,"column":3}},"19":{"start":{"line":82,"column":2},"end":{"line":84,"column":null}},"20":{"start":{"line":83,"column":4},"end":{"line":83,"column":29}},"21":{"start":{"line":87,"column":0},"end":{"line":96,"column":2}},"22":{"start":{"line":88,"column":2},"end":{"line":90,"column":null}},"23":{"start":{"line":89,"column":4},"end":{"line":89,"column":60}},"24":{"start":{"line":91,"column":14},"end":{"line":94,"column":18}},"25":{"start":{"line":95,"column":2},"end":{"line":95,"column":64}},"26":{"start":{"line":97,"column":0},"end":{"line":97,"column":65}}},"fnMap":{"0":{"name":"(anonymous_1)","decl":{"start":{"line":38,"column":30},"end":{"line":38,"column":39}},"loc":{"start":{"line":38,"column":55},"end":{"line":43,"column":1}}},"1":{"name":"(anonymous_2)","decl":{"start":{"line":45,"column":34},"end":{"line":45,"column":null}},"loc":{"start":{"line":48,"column":24},"end":{"line":54,"column":1}}},"2":{"name":"(anonymous_3)","decl":{"start":{"line":56,"column":30},"end":{"line":56,"column":null}},"loc":{"start":{"line":56,"column":30},"end":{"line":69,"column":1}}},"3":{"name":"(anonymous_4)","decl":{"start":{"line":71,"column":29},"end":{"line":71,"column":null}},"loc":{"start":{"line":71,"column":29},"end":{"line":79,"column":1}}},"4":{"name":"(anonymous_5)","decl":{"start":{"line":81,"column":35},"end":{"line":81,"column":null}},"loc":{"start":{"line":81,"column":35},"end":{"line":85,"column":1}}},"5":{"name":"(anonymous_6)","decl":{"start":{"line":87,"column":27},"end":{"line":87,"column":36}},"loc":{"start":{"line":87,"column":54},"end":{"line":96,"column":1}}}},"branchMap":{"0":{"loc":{"start":{"line":82,"column":2},"end":{"line":84,"column":null}},"type":"if","locations":[{"start":{"line":82,"column":2},"end":{"line":84,"column":null}},{"start":{"line":82,"column":2},"end":{"line":84,"column":null}}]},"1":{"loc":{"start":{"line":87,"column":51},"end":{"line":87,"column":54}},"type":"default-arg","locations":[{"start":{"line":87,"column":51},"end":{"line":87,"column":54}}]},"2":{"loc":{"start":{"line":88,"column":2},"end":{"line":90,"column":null}},"type":"if","locations":[{"start":{"line":88,"column":2},"end":{"line":90,"column":null}},{"start":{"line":88,"column":2},"end":{"line":90,"column":null}}]}},"s":{"0":2,"1":2,"2":2,"3":2,"4":2,"5":2,"6":0,"7":0,"8":2,"9":0,"10":0,"11":2,"12":0,"13":0,"14":0,"15":0,"16":2,"17":0,"18":2,"19":0,"20":0,"21":2,"22":0,"23":0,"24":0,"25":0,"26":2},"f":{"0":0,"1":0,"2":0,"3":0,"4":0,"5":0},"b":{"0":[0,0],"1":[0],"2":[0,0]}}
,"/Users/nnamdinwabuokei/Documents/decagon-central/src/routes/index.ts": {"path":"/Users/nnamdinwabuokei/Documents/decagon-central/src/routes/index.ts","statementMap":{"0":{"start":{"line":1,"column":0},"end":{"line":1,"column":33}},"1":{"start":{"line":2,"column":0},"end":{"line":2,"column":53}},"2":{"start":{"line":3,"column":0},"end":{"line":3,"column":null}},"3":{"start":{"line":9,"column":0},"end":{"line":9,"column":56}},"4":{"start":{"line":10,"column":0},"end":{"line":10,"column":69}},"5":{"start":{"line":11,"column":0},"end":{"line":11,"column":51}},"6":{"start":{"line":13,"column":0},"end":{"line":13,"column":28}},"7":{"start":{"line":17,"column":15},"end":{"line":17,"column":23}},"8":{"start":{"line":18,"column":15},"end":{"line":18,"column":43}},"9":{"start":{"line":20,"column":0},"end":{"line":24,"column":3}},"10":{"start":{"line":21,"column":18},"end":{"line":21,"column":36}},"11":{"start":{"line":23,"column":2},"end":{"line":23,"column":36}},"12":{"start":{"line":26,"column":0},"end":{"line":26,"column":61}},"13":{"start":{"line":27,"column":0},"end":{"line":27,"column":39}},"14":{"start":{"line":28,"column":0},"end":{"line":28,"column":36}},"15":{"start":{"line":29,"column":0},"end":{"line":29,"column":39}},"16":{"start":{"line":30,"column":0},"end":{"line":30,"column":56}},"17":{"start":{"line":31,"column":0},"end":{"line":55,"column":3}},"18":{"start":{"line":35,"column":2},"end":{"line":54,"column":null}},"19":{"start":{"line":36,"column":29},"end":{"line":36,"column":47}},"20":{"start":{"line":37,"column":4},"end":{"line":37,"column":30}},"21":{"start":{"line":38,"column":4},"end":{"line":43,"column":null}},"22":{"start":{"line":39,"column":6},"end":{"line":41,"column":9}},"23":{"start":{"line":42,"column":6},"end":{"line":42,"column":13}},"24":{"start":{"line":44,"column":17},"end":{"line":44,"column":36}},"25":{"start":{"line":45,"column":4},"end":{"line":48,"column":null}},"26":{"start":{"line":46,"column":6},"end":{"line":46,"column":50}},"27":{"start":{"line":47,"column":6},"end":{"line":47,"column":13}},"28":{"start":{"line":49,"column":27},"end":{"line":49,"column":39}},"29":{"start":{"line":50,"column":4},"end":{"line":50,"column":45}},"30":{"start":{"line":51,"column":4},"end":{"line":51,"column":20}},"31":{"start":{"line":53,"column":4},"end":{"line":53,"column":27}},"32":{"start":{"line":57,"column":0},"end":{"line":88,"column":3}},"33":{"start":{"line":61,"column":2},"end":{"line":87,"column":null}},"34":{"start":{"line":62,"column":29},"end":{"line":62,"column":47}},"35":{"start":{"line":63,"column":4},"end":{"line":68,"column":null}},"36":{"start":{"line":64,"column":6},"end":{"line":66,"column":9}},"37":{"start":{"line":67,"column":6},"end":{"line":67,"column":13}},"38":{"start":{"line":70,"column":17},"end":{"line":70,"column":35}},"39":{"start":{"line":72,"column":4},"end":{"line":75,"column":null}},"40":{"start":{"line":73,"column":6},"end":{"line":73,"column":50}},"41":{"start":{"line":74,"column":6},"end":{"line":74,"column":13}},"42":{"start":{"line":78,"column":27},"end":{"line":78,"column":39}},"43":{"start":{"line":79,"column":4},"end":{"line":79,"column":45}},"44":{"start":{"line":80,"column":4},"end":{"line":84,"column":7}},"45":{"start":{"line":86,"column":4},"end":{"line":86,"column":27}},"46":{"start":{"line":90,"column":0},"end":{"line":90,"column":22}}},"fnMap":{"0":{"name":"(anonymous_1)","decl":{"start":{"line":20,"column":16},"end":{"line":20,"column":25}},"loc":{"start":{"line":20,"column":41},"end":{"line":24,"column":1}}},"1":{"name":"(anonymous_2)","decl":{"start":{"line":31,"column":35},"end":{"line":31,"column":40}},"loc":{"start":{"line":33,"column":15},"end":{"line":55,"column":1}}},"2":{"name":"(anonymous_3)","decl":{"start":{"line":57,"column":34},"end":{"line":57,"column":39}},"loc":{"start":{"line":59,"column":15},"end":{"line":88,"column":1}}}},"branchMap":{"0":{"loc":{"start":{"line":38,"column":4},"end":{"line":43,"column":null}},"type":"if","locations":[{"start":{"line":38,"column":4},"end":{"line":43,"column":null}},{"start":{"line":38,"column":4},"end":{"line":43,"column":null}}]},"1":{"loc":{"start":{"line":45,"column":4},"end":{"line":48,"column":null}},"type":"if","locations":[{"start":{"line":45,"column":4},"end":{"line":48,"column":null}},{"start":{"line":45,"column":4},"end":{"line":48,"column":null}}]},"2":{"loc":{"start":{"line":63,"column":4},"end":{"line":68,"column":null}},"type":"if","locations":[{"start":{"line":63,"column":4},"end":{"line":68,"column":null}},{"start":{"line":63,"column":4},"end":{"line":68,"column":null}}]},"3":{"loc":{"start":{"line":72,"column":4},"end":{"line":75,"column":null}},"type":"if","locations":[{"start":{"line":72,"column":4},"end":{"line":75,"column":null}},{"start":{"line":72,"column":4},"end":{"line":75,"column":null}}]}},"s":{"0":2,"1":2,"2":2,"3":2,"4":2,"5":2,"6":2,"7":2,"8":2,"9":2,"10":1,"11":1,"12":2,"13":2,"14":2,"15":2,"16":2,"17":2,"18":0,"19":0,"20":0,"21":0,"22":0,"23":0,"24":0,"25":0,"26":0,"27":0,"28":0,"29":0,"30":0,"31":0,"32":2,"33":0,"34":0,"35":0,"36":0,"37":0,"38":0,"39":0,"40":0,"41":0,"42":0,"43":0,"44":0,"45":0,"46":2},"f":{"0":1,"1":0,"2":0},"b":{"0":[0,0],"1":[0,0],"2":[0,0],"3":[0,0]}}
,"/Users/nnamdinwabuokei/Documents/decagon-central/src/types/sample.ts": {"path":"/Users/nnamdinwabuokei/Documents/decagon-central/src/types/sample.ts","statementMap":{"0":{"start":{"line":1,"column":0},"end":{"line":1,"column":59}},"1":{"start":{"line":3,"column":19},"end":{"line":12,"column":2}},"2":{"start":{"line":6,"column":17},"end":{"line":11,"column":4}},"3":{"start":{"line":14,"column":0},"end":{"line":14,"column":26}}},"fnMap":{"0":{"name":"(anonymous_0)","decl":{"start":{"line":6,"column":10},"end":{"line":6,"column":13}},"loc":{"start":{"line":6,"column":17},"end":{"line":11,"column":4}}}},"branchMap":{},"s":{"0":2,"1":2,"2":2,"3":2},"f":{"0":2},"b":{}}
,"/Users/nnamdinwabuokei/Documents/decagon-central/src/validation/service.ts": {"path":"/Users/nnamdinwabuokei/Documents/decagon-central/src/validation/service.ts","statementMap":{"0":{"start":{"line":1,"column":0},"end":{"line":1,"column":28}},"1":{"start":{"line":4,"column":17},"end":{"line":17,"column":4}},"2":{"start":{"line":19,"column":2},"end":{"line":23,"column":5}},"3":{"start":{"line":3,"column":0},"end":{"line":3,"column":16}}},"fnMap":{"0":{"name":"validateServices","decl":{"start":{"line":3,"column":16},"end":{"line":3,"column":32}},"loc":{"start":{"line":3,"column":58},"end":{"line":24,"column":1}}}},"branchMap":{},"s":{"0":2,"1":0,"2":0,"3":2},"f":{"0":0},"b":{}}
,"/Users/nnamdinwabuokei/Documents/decagon-central/testSetup/dummyFeedData.ts": {"path":"/Users/nnamdinwabuokei/Documents/decagon-central/testSetup/dummyFeedData.ts","statementMap":{"0":{"start":{"line":1,"column":0},"end":{"line":29,"column":2}}},"fnMap":{},"branchMap":{},"s":{"0":1},"f":{},"b":{}}
,"/Users/nnamdinwabuokei/Documents/decagon-central/testSetup/testDb.setup.ts": {"path":"/Users/nnamdinwabuokei/Documents/decagon-central/testSetup/testDb.setup.ts","statementMap":{"0":{"start":{"line":1,"column":0},"end":{"line":1,"column":32}},"1":{"start":{"line":2,"column":0},"end":{"line":2,"column":44}},"2":{"start":{"line":3,"column":0},"end":{"line":3,"column":40}},"3":{"start":{"line":5,"column":21},"end":{"line":5,"column":27}},"4":{"start":{"line":7,"column":14},"end":{"line":7,"column":51}},"5":{"start":{"line":8,"column":2},"end":{"line":8,"column":79}},"6":{"start":{"line":6,"column":0},"end":{"line":6,"column":7}},"7":{"start":{"line":12,"column":2},"end":{"line":17,"column":null}},"8":{"start":{"line":13,"column":4},"end":{"line":13,"column":40}},"9":{"start":{"line":14,"column":4},"end":{"line":14,"column":37}},"10":{"start":{"line":16,"column":4},"end":{"line":16,"column":33}},"11":{"start":{"line":11,"column":0},"end":{"line":11,"column":7}},"12":{"start":{"line":21,"column":22},"end":{"line":21,"column":66}},"13":{"start":{"line":22,"column":2},"end":{"line":25,"column":null}},"14":{"start":{"line":23,"column":23},"end":{"line":23,"column":70}},"15":{"start":{"line":24,"column":4},"end":{"line":24,"column":58}},"16":{"start":{"line":20,"column":0},"end":{"line":20,"column":7}},"17":{"start":{"line":29,"column":22},"end":{"line":29,"column":66}},"18":{"start":{"line":30,"column":2},"end":{"line":38,"column":null}},"19":{"start":{"line":31,"column":23},"end":{"line":31,"column":70}},"20":{"start":{"line":33,"column":4},"end":{"line":37,"column":null}},"21":{"start":{"line":34,"column":6},"end":{"line":34,"column":30}},"22":{"start":{"line":36,"column":6},"end":{"line":36,"column":33}},"23":{"start":{"line":41,"column":2},"end":{"line":41,"column":29}},"24":{"start":{"line":42,"column":2},"end":{"line":42,"column":36}},"25":{"start":{"line":40,"column":0},"end":{"line":40,"column":7}}},"fnMap":{"0":{"name":"connectToDB","decl":{"start":{"line":6,"column":22},"end":{"line":6,"column":33}},"loc":{"start":{"line":6,"column":33},"end":{"line":9,"column":1}}},"1":{"name":"seedDecagonDB","decl":{"start":{"line":11,"column":22},"end":{"line":11,"column":35}},"loc":{"start":{"line":11,"column":35},"end":{"line":18,"column":1}}},"2":{"name":"removeAllCollection","decl":{"start":{"line":20,"column":22},"end":{"line":20,"column":41}},"loc":{"start":{"line":20,"column":41},"end":{"line":26,"column":1}}},"3":{"name":"dropAllCollections","decl":{"start":{"line":28,"column":15},"end":{"line":28,"column":33}},"loc":{"start":{"line":28,"column":33},"end":{"line":39,"column":1}}},"4":{"name":"disconnectDB","decl":{"start":{"line":40,"column":22},"end":{"line":40,"column":34}},"loc":{"start":{"line":40,"column":34},"end":{"line":43,"column":1}}}},"branchMap":{},"s":{"0":1,"1":1,"2":1,"3":1,"4":1,"5":1,"6":1,"7":1,"8":1,"9":1,"10":0,"11":1,"12":7,"13":7,"14":14,"15":14,"16":1,"17":1,"18":1,"19":2,"20":2,"21":2,"22":1,"23":1,"24":1,"25":1},"f":{"0":1,"1":1,"2":7,"3":1,"4":1},"b":{}}
}
