TN:
SF:/Users/nnamdinwabuokei/Documents/decagon-central/src/app.ts
FN:22,(anonymous_1)
FN:35,(anonymous_2)
FN:75,(anonymous_3)
FN:81,(anonymous_4)
FN:94,(anonymous_5)
FNF:5
FNH:3
FNDA:9,(anonymous_1)
FNDA:9,(anonymous_2)
FNDA:0,(anonymous_3)
FNDA:1,(anonymous_4)
FNDA:0,(anonymous_5)
DA:1,2
DA:2,2
DA:3,2
DA:4,2
DA:5,2
DA:6,2
DA:7,2
DA:8,2
DA:9,2
DA:10,2
DA:11,2
DA:15,2
DA:18,2
DA:19,2
DA:20,2
DA:23,9
DA:24,9
DA:27,0
DA:33,2
DA:36,9
DA:37,9
DA:40,0
DA:46,2
DA:47,2
DA:48,2
DA:49,2
DA:50,2
DA:53,2
DA:63,2
DA:65,2
DA:73,2
DA:74,0
DA:75,0
DA:76,0
DA:81,2
DA:86,1
DA:90,2
DA:91,2
DA:94,2
DA:96,0
DA:97,0
DA:100,0
DA:101,0
DA:104,2
LF:44
LH:35
BRDA:18,0,0,0
BRDA:18,0,1,2
BRDA:23,1,0,9
BRDA:23,1,1,0
BRDA:36,2,0,9
BRDA:36,2,1,0
BRDA:73,3,0,0
BRDA:73,3,1,2
BRDA:97,4,0,0
BRDA:97,4,1,0
BRDA:100,5,0,0
BRDA:100,5,1,0
BRF:12
BRH:4
end_of_record
TN:
SF:/Users/nnamdinwabuokei/Documents/decagon-central/src/schema.ts
FN:9,(anonymous_1)
FN:13,(anonymous_2)
FNF:2
FNH:1
FNDA:2,(anonymous_1)
FNDA:0,(anonymous_2)
DA:1,2
DA:3,2
DA:4,2
DA:6,2
DA:9,2
DA:13,0
DA:18,2
DA:22,2
LF:8
LH:7
BRF:0
BRH:0
end_of_record
TN:
SF:/Users/nnamdinwabuokei/Documents/decagon-central/src/controllers/getUsers.ts
FN:4,getAllUsers
FN:13,getOneUser
FN:28,updateUser
FN:58,getUserByDesignation
FNF:4
FNH:3
FNDA:1,getAllUsers
FNDA:2,getOneUser
FNDA:3,updateUser
FNDA:0,getUserByDesignation
DA:2,2
DA:4,2
DA:5,1
DA:6,1
DA:7,1
DA:9,0
DA:13,2
DA:14,2
DA:16,2
DA:17,2
DA:18,1
DA:22,1
DA:24,0
DA:28,2
DA:29,3
DA:30,3
DA:31,3
DA:32,1
DA:38,2
DA:39,2
DA:40,1
DA:52,1
DA:54,0
DA:58,2
DA:59,0
DA:60,0
DA:61,0
DA:62,0
DA:64,0
DA:66,0
LF:30
LH:21
BRDA:17,0,0,1
BRDA:17,0,1,1
BRDA:31,1,0,1
BRDA:31,1,1,2
BRDA:39,2,0,1
BRDA:39,2,1,1
BRDA:61,3,0,0
BRDA:61,3,1,0
BRF:8
BRH:6
end_of_record
TN:
SF:/Users/nnamdinwabuokei/Documents/decagon-central/src/controllers/sample.ts
FN:1,sampleController
FNF:1
FNH:1
FNDA:1,sampleController
DA:2,1
DA:5,2
LF:2
LH:2
BRF:0
BRH:0
end_of_record
TN:
SF:/Users/nnamdinwabuokei/Documents/decagon-central/src/controllers/services.ts
FN:3,signUp
FN:34,login
FNF:2
FNH:0
FNDA:0,signUp
FNDA:0,login
DA:1,2
DA:3,2
DA:8,0
DA:13,0
DA:14,0
DA:15,0
DA:16,0
DA:21,0
DA:22,0
DA:24,0
DA:25,0
DA:30,0
DA:34,2
DA:39,0
DA:40,0
DA:41,0
DA:42,0
DA:47,0
DA:48,0
DA:49,0
DA:55,0
DA:56,0
DA:57,0
DA:62,0
LF:24
LH:3
BRDA:15,0,0,0
BRDA:15,0,1,0
BRDA:41,1,0,0
BRDA:41,1,1,0
BRDA:56,2,0,0
BRDA:56,2,1,0
BRF:6
BRH:0
end_of_record
TN:
SF:/Users/nnamdinwabuokei/Documents/decagon-central/src/controllers/uploadfile.ts
FN:6,uploadFile
FN:24,(anonymous_3)
FN:37,(anonymous_4)
FN:39,(anonymous_5)
FNF:4
FNH:3
FNDA:1,uploadFile
FNDA:1,(anonymous_3)
FNDA:1,(anonymous_4)
FNDA:0,(anonymous_5)
DA:1,2
DA:2,2
DA:4,2
DA:7,1
DA:8,1
DA:10,1
DA:25,1
DA:27,1
DA:28,0
DA:31,1
DA:32,1
DA:33,0
DA:35,1
DA:38,1
DA:39,1
DA:40,0
DA:41,0
DA:45,1
DA:48,0
DA:50,1
DA:53,2
LF:21
LH:16
BRDA:27,0,0,0
BRDA:27,0,1,1
BRDA:32,1,0,0
BRDA:32,1,1,1
BRDA:40,2,0,0
BRDA:40,2,1,0
BRF:6
BRH:2
end_of_record
TN:
SF:/Users/nnamdinwabuokei/Documents/decagon-central/src/models/decagon.ts
FN:59,validateDecagon
FN:98,(anonymous_2)
FNF:2
FNH:2
FNDA:3,validateDecagon
FNDA:1,(anonymous_2)
DA:1,2
DA:2,2
DA:3,2
DA:18,2
DA:59,2
DA:60,3
DA:92,3
DA:98,2
DA:99,1
DA:100,1
DA:101,1
DA:104,2
LF:12
LH:12
BRDA:99,0,0,1
BRDA:99,0,1,0
BRF:2
BRH:1
end_of_record
TN:
SF:/Users/nnamdinwabuokei/Documents/decagon-central/src/models/services.ts
FN:38,(anonymous_1)
FN:45,(anonymous_2)
FN:56,(anonymous_3)
FN:71,(anonymous_4)
FN:81,(anonymous_5)
FN:87,(anonymous_6)
FNF:6
FNH:0
FNDA:0,(anonymous_1)
FNDA:0,(anonymous_2)
FNDA:0,(anonymous_3)
FNDA:0,(anonymous_4)
FNDA:0,(anonymous_5)
FNDA:0,(anonymous_6)
DA:1,2
DA:2,2
DA:4,2
DA:5,2
DA:10,2
DA:38,2
DA:39,0
DA:40,0
DA:45,2
DA:50,0
DA:53,0
DA:56,2
DA:57,0
DA:58,0
DA:59,0
DA:61,0
DA:71,2
DA:72,0
DA:81,2
DA:82,0
DA:83,0
DA:87,2
DA:88,0
DA:89,0
DA:91,0
DA:95,0
DA:97,2
LF:27
LH:12
BRDA:82,0,0,0
BRDA:82,0,1,0
BRDA:87,1,0,0
BRDA:88,2,0,0
BRDA:88,2,1,0
BRF:5
BRH:0
end_of_record
TN:
SF:/Users/nnamdinwabuokei/Documents/decagon-central/src/routes/index.ts
FN:20,(anonymous_1)
FN:31,(anonymous_2)
FN:57,(anonymous_3)
FNF:3
FNH:1
FNDA:1,(anonymous_1)
FNDA:0,(anonymous_2)
FNDA:0,(anonymous_3)
DA:1,2
DA:2,2
DA:3,2
DA:9,2
DA:10,2
DA:11,2
DA:13,2
DA:17,2
DA:18,2
DA:20,2
DA:21,1
DA:23,1
DA:26,2
DA:27,2
DA:28,2
DA:29,2
DA:30,2
DA:31,2
DA:35,0
DA:36,0
DA:37,0
DA:38,0
DA:39,0
DA:42,0
DA:44,0
DA:45,0
DA:46,0
DA:47,0
DA:49,0
DA:50,0
DA:51,0
DA:53,0
DA:57,2
DA:61,0
DA:62,0
DA:63,0
DA:64,0
DA:67,0
DA:70,0
DA:72,0
DA:73,0
DA:74,0
DA:78,0
DA:79,0
DA:80,0
DA:86,0
DA:90,2
LF:47
LH:20
BRDA:38,0,0,0
BRDA:38,0,1,0
BRDA:45,1,0,0
BRDA:45,1,1,0
BRDA:63,2,0,0
BRDA:63,2,1,0
BRDA:72,3,0,0
BRDA:72,3,1,0
BRF:8
BRH:0
end_of_record
TN:
SF:/Users/nnamdinwabuokei/Documents/decagon-central/src/types/sample.ts
FN:6,(anonymous_0)
FNF:1
FNH:1
FNDA:2,(anonymous_0)
DA:1,2
DA:3,2
DA:6,2
DA:14,2
LF:4
LH:4
BRF:0
BRH:0
end_of_record
TN:
SF:/Users/nnamdinwabuokei/Documents/decagon-central/src/validation/service.ts
FN:3,validateServices
FNF:1
FNH:0
FNDA:0,validateServices
DA:1,2
DA:3,2
DA:4,0
DA:19,0
LF:4
LH:2
BRF:0
BRH:0
end_of_record
TN:
SF:/Users/nnamdinwabuokei/Documents/decagon-central/testSetup/dummyFeedData.ts
FNF:0
FNH:0
DA:1,1
LF:1
LH:1
BRF:0
BRH:0
end_of_record
TN:
SF:/Users/nnamdinwabuokei/Documents/decagon-central/testSetup/testDb.setup.ts
FN:6,connectToDB
FN:11,seedDecagonDB
FN:20,removeAllCollection
FN:28,dropAllCollections
FN:40,disconnectDB
FNF:5
FNH:5
FNDA:1,connectToDB
FNDA:1,seedDecagonDB
FNDA:7,removeAllCollection
FNDA:1,dropAllCollections
FNDA:1,disconnectDB
DA:1,1
DA:2,1
DA:3,1
DA:5,1
DA:6,1
DA:7,1
DA:8,1
DA:11,1
DA:12,1
DA:13,1
DA:14,1
DA:16,0
DA:20,1
DA:21,7
DA:22,7
DA:23,14
DA:24,14
DA:29,1
DA:30,1
DA:31,2
DA:33,2
DA:34,2
DA:36,1
DA:40,1
DA:41,1
DA:42,1
LF:26
LH:25
BRF:0
BRH:0
end_of_record
